<?xml version="1.0" encoding="UTF-8"?>
<!-- Generated by org.testng.reporters.JUnitReportReporter -->
<testsuite hostname="I-KamaljitS" name="FirstPackage.ThirdClass" tests="2" failures="0" timestamp="6 Feb 2019 14:51:34 GMT" time="0.024" errors="0">
  <testcase name="thirdclass" time="0.022" classname="FirstPackage.ThirdClass"/>
  <testcase name="vclass" time="0.002" classname="FirstPackage.ThirdClass"/>
</testsuite> <!-- FirstPackage.ThirdClass -->
