<?xml version="1.0" encoding="UTF-8"?>
<!-- Generated by org.testng.reporters.JUnitReportReporter -->
<testsuite hostname="I-KamaljitS" name="FirstPackage.firstClassTest" tests="2" failures="0" timestamp="5 Feb 2019 18:16:12 GMT" time="0.015" errors="0">
  <testcase name="zero" time="0.015" classname="FirstPackage.firstClassTest"/>
  <testcase name="rony" time="0.000" classname="FirstPackage.firstClassTest"/>
</testsuite> <!-- FirstPackage.firstClassTest -->
