<?xml version="1.0" encoding="UTF-8"?>
<!-- Generated by org.testng.reporters.JUnitReportReporter -->
<testsuite hostname="I-KamaljitS" name="FirstPackage.secodnTest" tests="1" failures="0" timestamp="5 Feb 2019 20:35:02 GMT" time="35.821" errors="0">
  <testcase name="solid" time="35.821" classname="FirstPackage.secodnTest"/>
</testsuite> <!-- FirstPackage.secodnTest -->
