<?xml version="1.0" encoding="UTF-8"?>
<!-- Generated by org.testng.reporters.JUnitReportReporter -->
<testsuite hostname="I-KamaljitS" name="Framework.FSecondclass" tests="2" failures="0" timestamp="8 Feb 2019 22:26:19 GMT" time="0.031" errors="0">
  <testcase name="abc" time="0.000" classname="Framework.FSecondclass"/>
  <testcase name="xx" time="0.031" classname="Framework.FSecondclass"/>
</testsuite> <!-- Framework.FSecondclass -->
