<?xml version="1.0" encoding="UTF-8"?>
<!-- Generated by org.testng.reporters.JUnitReportReporter -->
<testsuite hostname="I-KamaljitS" name="FirstPackage.FourthClass" tests="2" failures="0" timestamp="1 Apr 2019 21:32:27 GMT" time="0.035" errors="0">
  <testcase name="datap" time="0.002" classname="FirstPackage.FourthClass"/>
  <testcase name="datap" time="0.033" classname="FirstPackage.FourthClass"/>
</testsuite> <!-- FirstPackage.FourthClass -->
