<?xml version="1.0" encoding="UTF-8"?>
<!-- Generated by org.testng.reporters.JUnitReportReporter -->
<testsuite hostname="I-KamaljitS" name="Framework.Ffirstclass" tests="1" failures="0" timestamp="8 Feb 2019 22:10:38 GMT" time="0.046" errors="0">
  <testcase name="abc" time="0.046" classname="Framework.Ffirstclass"/>
</testsuite> <!-- Framework.Ffirstclass -->
