<?xml version="1.0" encoding="UTF-8"?>
<!-- Generated by org.testng.reporters.JUnitReportReporter -->
<testsuite skipped="0" hostname="I-KamaljitS" name="FirstPackage.FourthClass" tests="2" failures="0" timestamp="06 Feb 2019 14:30:40 GMT" time="0.014" errors="0">
  <testcase name="datap" time="0.014" classname="FirstPackage.FourthClass"/>
  <testcase name="datap" time="0.000" classname="FirstPackage.FourthClass"/>
</testsuite> <!-- FirstPackage.FourthClass -->
