<?xml version="1.0" encoding="UTF-8"?>
<!-- Generated by org.testng.reporters.JUnitReportReporter -->
<testsuite skipped="1" hostname="I-KamaljitS" name="FirstPackage.ThirdClass" tests="3" failures="0" timestamp="06 Feb 2019 14:50:44 GMT" time="0.023" errors="0">
  <testcase name="thirdclass" time="0.018" classname="FirstPackage.ThirdClass"/>
  <testcase name="vclass" time="0.005" classname="FirstPackage.ThirdClass"/>
  <testcase name="nclass" classname="FirstPackage.ThirdClass">
    <skipped/>
  </testcase> <!-- nclass -->
</testsuite> <!-- FirstPackage.ThirdClass -->
