<?xml version="1.0" encoding="UTF-8"?>
<!-- Generated by org.testng.reporters.JUnitReportReporter -->
<testsuite skipped="0" hostname="I-KamaljitS" name="FirstPackage.secodnTest" tests="1" failures="0" timestamp="05 Feb 2019 19:12:40 GMT" time="18.830" errors="0">
  <testcase name="solid" time="18.830" classname="FirstPackage.secodnTest"/>
</testsuite> <!-- FirstPackage.secodnTest -->
